Determining if the include file malloc.h exists failed with the following output:
Change Dir: /Users/cleisonmelo/Desktop/repository/linphone-iphone-master/linphone-iphone/WORK/ios-armv7/Build/antlr3c/CMakeFiles/CMakeTmp

Run Build Command:"/usr/bin/make" "cmTC_6dc0b/fast"
/Applications/Xcode.app/Contents/Developer/usr/bin/make -f CMakeFiles/cmTC_6dc0b.dir/build.make CMakeFiles/cmTC_6dc0b.dir/build
Building C object CMakeFiles/cmTC_6dc0b.dir/CheckIncludeFile.c.o
/Applications/Xcode.app/Contents/Developer/Toolchains/XcodeDefault.xctoolchain/usr/bin/clang --target=armv7-apple-darwin   -arch armv7 -isysroot /Applications/Xcode.app/Contents/Developer/Platforms/iPhoneOS.platform/Developer/SDKs/iPhoneOS11.1.sdk   -o CMakeFiles/cmTC_6dc0b.dir/CheckIncludeFile.c.o   -c /Users/cleisonmelo/Desktop/repository/linphone-iphone-master/linphone-iphone/WORK/ios-armv7/Build/antlr3c/CMakeFiles/CMakeTmp/CheckIncludeFile.c
/Users/cleisonmelo/Desktop/repository/linphone-iphone-master/linphone-iphone/WORK/ios-armv7/Build/antlr3c/CMakeFiles/CMakeTmp/CheckIncludeFile.c:1:10: fatal error: 'malloc.h' file not found
#include <malloc.h>
         ^~~~~~~~~~
1 error generated.
make[5]: *** [CMakeFiles/cmTC_6dc0b.dir/CheckIncludeFile.c.o] Error 1
make[4]: *** [cmTC_6dc0b/fast] Error 2


Determining if the include file socket.h exists failed with the following output:
Change Dir: /Users/cleisonmelo/Desktop/repository/linphone-iphone-master/linphone-iphone/WORK/ios-armv7/Build/antlr3c/CMakeFiles/CMakeTmp

Run Build Command:"/usr/bin/make" "cmTC_069b2/fast"
/Applications/Xcode.app/Contents/Developer/usr/bin/make -f CMakeFiles/cmTC_069b2.dir/build.make CMakeFiles/cmTC_069b2.dir/build
Building C object CMakeFiles/cmTC_069b2.dir/CheckIncludeFile.c.o
/Applications/Xcode.app/Contents/Developer/Toolchains/XcodeDefault.xctoolchain/usr/bin/clang --target=armv7-apple-darwin   -arch armv7 -isysroot /Applications/Xcode.app/Contents/Developer/Platforms/iPhoneOS.platform/Developer/SDKs/iPhoneOS11.1.sdk   -o CMakeFiles/cmTC_069b2.dir/CheckIncludeFile.c.o   -c /Users/cleisonmelo/Desktop/repository/linphone-iphone-master/linphone-iphone/WORK/ios-armv7/Build/antlr3c/CMakeFiles/CMakeTmp/CheckIncludeFile.c
/Users/cleisonmelo/Desktop/repository/linphone-iphone-master/linphone-iphone/WORK/ios-armv7/Build/antlr3c/CMakeFiles/CMakeTmp/CheckIncludeFile.c:1:10: fatal error: 'socket.h' file not found
#include <socket.h>
         ^~~~~~~~~~
1 error generated.
make[5]: *** [CMakeFiles/cmTC_069b2.dir/CheckIncludeFile.c.o] Error 1
make[4]: *** [cmTC_069b2/fast] Error 2


Determining if the include file sys/malloc.h exists failed with the following output:
Change Dir: /Users/cleisonmelo/Desktop/repository/linphone-iphone-master/linphone-iphone/WORK/ios-armv7/Build/antlr3c/CMakeFiles/CMakeTmp

Run Build Command:"/usr/bin/make" "cmTC_8f104/fast"
/Applications/Xcode.app/Contents/Developer/usr/bin/make -f CMakeFiles/cmTC_8f104.dir/build.make CMakeFiles/cmTC_8f104.dir/build
Building C object CMakeFiles/cmTC_8f104.dir/CheckIncludeFile.c.o
/Applications/Xcode.app/Contents/Developer/Toolchains/XcodeDefault.xctoolchain/usr/bin/clang --target=armv7-apple-darwin   -arch armv7 -isysroot /Applications/Xcode.app/Contents/Developer/Platforms/iPhoneOS.platform/Developer/SDKs/iPhoneOS11.1.sdk   -o CMakeFiles/cmTC_8f104.dir/CheckIncludeFile.c.o   -c /Users/cleisonmelo/Desktop/repository/linphone-iphone-master/linphone-iphone/WORK/ios-armv7/Build/antlr3c/CMakeFiles/CMakeTmp/CheckIncludeFile.c
/Users/cleisonmelo/Desktop/repository/linphone-iphone-master/linphone-iphone/WORK/ios-armv7/Build/antlr3c/CMakeFiles/CMakeTmp/CheckIncludeFile.c:1:10: fatal error: 'sys/malloc.h' file not found
#include <sys/malloc.h>
         ^~~~~~~~~~~~~~
1 error generated.
make[5]: *** [CMakeFiles/cmTC_8f104.dir/CheckIncludeFile.c.o] Error 1
make[4]: *** [cmTC_8f104/fast] Error 2


