The target system is: Darwin - 11.1 - x86_64
The host system is: Darwin - 16.7.0 - x86_64
Compiling the C compiler identification source file "CMakeCCompilerId.c" succeeded.
Compiler: /Applications/Xcode.app/Contents/Developer/Toolchains/XcodeDefault.xctoolchain/usr/bin/clang 
Build flags: 
Id flags:  

The output was:
0


Compilation of the C compiler identification source "CMakeCCompilerId.c" produced "a.out"

The C compiler identification is AppleClang, found in "/Users/cleisonmelo/Desktop/repository/linphone-iphone-master/linphone-iphone/WORK/ios-x86_64/Build/antlr3c/CMakeFiles/3.10.0/CompilerIdC/a.out"

Determining if the C compiler works passed with the following output:
Change Dir: /Users/cleisonmelo/Desktop/repository/linphone-iphone-master/linphone-iphone/WORK/ios-x86_64/Build/antlr3c/CMakeFiles/CMakeTmp

Run Build Command:"/usr/bin/make" "cmTC_958a7/fast"
/Applications/Xcode.app/Contents/Developer/usr/bin/make -f CMakeFiles/cmTC_958a7.dir/build.make CMakeFiles/cmTC_958a7.dir/build
Building C object CMakeFiles/cmTC_958a7.dir/testCCompiler.c.o
/Applications/Xcode.app/Contents/Developer/Toolchains/XcodeDefault.xctoolchain/usr/bin/clang --target=x86_64-apple-darwin   -arch x86_64 -isysroot /Applications/Xcode.app/Contents/Developer/Platforms/iPhoneSimulator.platform/Developer/SDKs/iPhoneSimulator11.1.sdk   -o CMakeFiles/cmTC_958a7.dir/testCCompiler.c.o   -c /Users/cleisonmelo/Desktop/repository/linphone-iphone-master/linphone-iphone/WORK/ios-x86_64/Build/antlr3c/CMakeFiles/CMakeTmp/testCCompiler.c
Linking C executable cmTC_958a7
/usr/local/Cellar/cmake/3.10.0/bin/cmake -E cmake_link_script CMakeFiles/cmTC_958a7.dir/link.txt --verbose=1
/Applications/Xcode.app/Contents/Developer/Toolchains/XcodeDefault.xctoolchain/usr/bin/clang --target=x86_64-apple-darwin   -arch x86_64 -isysroot /Applications/Xcode.app/Contents/Developer/Platforms/iPhoneSimulator.platform/Developer/SDKs/iPhoneSimulator11.1.sdk -Wl,-search_paths_first -Wl,-headerpad_max_install_names   CMakeFiles/cmTC_958a7.dir/testCCompiler.c.o  -o cmTC_958a7 


Detecting C compiler ABI info compiled with the following output:
Change Dir: /Users/cleisonmelo/Desktop/repository/linphone-iphone-master/linphone-iphone/WORK/ios-x86_64/Build/antlr3c/CMakeFiles/CMakeTmp

Run Build Command:"/usr/bin/make" "cmTC_bb444/fast"
/Applications/Xcode.app/Contents/Developer/usr/bin/make -f CMakeFiles/cmTC_bb444.dir/build.make CMakeFiles/cmTC_bb444.dir/build
Building C object CMakeFiles/cmTC_bb444.dir/CMakeCCompilerABI.c.o
/Applications/Xcode.app/Contents/Developer/Toolchains/XcodeDefault.xctoolchain/usr/bin/clang --target=x86_64-apple-darwin   -arch x86_64 -isysroot /Applications/Xcode.app/Contents/Developer/Platforms/iPhoneSimulator.platform/Developer/SDKs/iPhoneSimulator11.1.sdk   -o CMakeFiles/cmTC_bb444.dir/CMakeCCompilerABI.c.o   -c /usr/local/Cellar/cmake/3.10.0/share/cmake/Modules/CMakeCCompilerABI.c
Linking C executable cmTC_bb444
/usr/local/Cellar/cmake/3.10.0/bin/cmake -E cmake_link_script CMakeFiles/cmTC_bb444.dir/link.txt --verbose=1
/Applications/Xcode.app/Contents/Developer/Toolchains/XcodeDefault.xctoolchain/usr/bin/clang --target=x86_64-apple-darwin   -arch x86_64 -isysroot /Applications/Xcode.app/Contents/Developer/Platforms/iPhoneSimulator.platform/Developer/SDKs/iPhoneSimulator11.1.sdk -Wl,-search_paths_first -Wl,-headerpad_max_install_names  -v -Wl,-v CMakeFiles/cmTC_bb444.dir/CMakeCCompilerABI.c.o  -o cmTC_bb444 
Apple LLVM version 9.0.0 (clang-900.0.38)
Target: x86_64-apple-darwin
Thread model: posix
InstalledDir: /Applications/Xcode.app/Contents/Developer/Toolchains/XcodeDefault.xctoolchain/usr/bin
 "/Applications/Xcode.app/Contents/Developer/Toolchains/XcodeDefault.xctoolchain/usr/bin/ld" -demangle -lto_library /Applications/Xcode.app/Contents/Developer/Toolchains/XcodeDefault.xctoolchain/usr/lib/libLTO.dylib -dynamic -arch x86_64 -ios_simulator_version_min 11.1.0 -syslibroot /Applications/Xcode.app/Contents/Developer/Platforms/iPhoneSimulator.platform/Developer/SDKs/iPhoneSimulator11.1.sdk -o cmTC_bb444 -search_paths_first -headerpad_max_install_names -v CMakeFiles/cmTC_bb444.dir/CMakeCCompilerABI.c.o -lSystem /Applications/Xcode.app/Contents/Developer/Toolchains/XcodeDefault.xctoolchain/usr/lib/clang/9.0.0/lib/darwin/libclang_rt.ios.a
@(#)PROGRAM:ld  PROJECT:ld64-302.3.1
configured to support archs: armv6 armv7 armv7s arm64 i386 x86_64 x86_64h armv6m armv7k armv7m armv7em (tvOS)
Library search paths:
	/Applications/Xcode.app/Contents/Developer/Platforms/iPhoneSimulator.platform/Developer/SDKs/iPhoneSimulator11.1.sdk/usr/lib
Framework search paths:
	/Applications/Xcode.app/Contents/Developer/Platforms/iPhoneSimulator.platform/Developer/SDKs/iPhoneSimulator11.1.sdk/System/Library/Frameworks/


Parsed C implicit link information from above output:
  link line regex: [^( *|.*[/\])(ld|CMAKE_LINK_STARTFILE-NOTFOUND|([^/\]+-)?ld|collect2)[^/\]*( |$)]
  ignore line: [Change Dir: /Users/cleisonmelo/Desktop/repository/linphone-iphone-master/linphone-iphone/WORK/ios-x86_64/Build/antlr3c/CMakeFiles/CMakeTmp]
  ignore line: []
  ignore line: [Run Build Command:"/usr/bin/make" "cmTC_bb444/fast"]
  ignore line: [/Applications/Xcode.app/Contents/Developer/usr/bin/make -f CMakeFiles/cmTC_bb444.dir/build.make CMakeFiles/cmTC_bb444.dir/build]
  ignore line: [Building C object CMakeFiles/cmTC_bb444.dir/CMakeCCompilerABI.c.o]
  ignore line: [/Applications/Xcode.app/Contents/Developer/Toolchains/XcodeDefault.xctoolchain/usr/bin/clang --target=x86_64-apple-darwin   -arch x86_64 -isysroot /Applications/Xcode.app/Contents/Developer/Platforms/iPhoneSimulator.platform/Developer/SDKs/iPhoneSimulator11.1.sdk   -o CMakeFiles/cmTC_bb444.dir/CMakeCCompilerABI.c.o   -c /usr/local/Cellar/cmake/3.10.0/share/cmake/Modules/CMakeCCompilerABI.c]
  ignore line: [Linking C executable cmTC_bb444]
  ignore line: [/usr/local/Cellar/cmake/3.10.0/bin/cmake -E cmake_link_script CMakeFiles/cmTC_bb444.dir/link.txt --verbose=1]
  ignore line: [/Applications/Xcode.app/Contents/Developer/Toolchains/XcodeDefault.xctoolchain/usr/bin/clang --target=x86_64-apple-darwin   -arch x86_64 -isysroot /Applications/Xcode.app/Contents/Developer/Platforms/iPhoneSimulator.platform/Developer/SDKs/iPhoneSimulator11.1.sdk -Wl,-search_paths_first -Wl,-headerpad_max_install_names  -v -Wl,-v CMakeFiles/cmTC_bb444.dir/CMakeCCompilerABI.c.o  -o cmTC_bb444 ]
  ignore line: [Apple LLVM version 9.0.0 (clang-900.0.38)]
  ignore line: [Target: x86_64-apple-darwin]
  ignore line: [Thread model: posix]
  ignore line: [InstalledDir: /Applications/Xcode.app/Contents/Developer/Toolchains/XcodeDefault.xctoolchain/usr/bin]
  link line: [ "/Applications/Xcode.app/Contents/Developer/Toolchains/XcodeDefault.xctoolchain/usr/bin/ld" -demangle -lto_library /Applications/Xcode.app/Contents/Developer/Toolchains/XcodeDefault.xctoolchain/usr/lib/libLTO.dylib -dynamic -arch x86_64 -ios_simulator_version_min 11.1.0 -syslibroot /Applications/Xcode.app/Contents/Developer/Platforms/iPhoneSimulator.platform/Developer/SDKs/iPhoneSimulator11.1.sdk -o cmTC_bb444 -search_paths_first -headerpad_max_install_names -v CMakeFiles/cmTC_bb444.dir/CMakeCCompilerABI.c.o -lSystem /Applications/Xcode.app/Contents/Developer/Toolchains/XcodeDefault.xctoolchain/usr/lib/clang/9.0.0/lib/darwin/libclang_rt.ios.a]
    arg [/Applications/Xcode.app/Contents/Developer/Toolchains/XcodeDefault.xctoolchain/usr/bin/ld] ==> ignore
    arg [-demangle] ==> ignore
    arg [-lto_library] ==> ignore, skip following value
    arg [/Applications/Xcode.app/Contents/Developer/Toolchains/XcodeDefault.xctoolchain/usr/lib/libLTO.dylib] ==> skip value of -lto_library
    arg [-dynamic] ==> ignore
    arg [-arch] ==> ignore
    arg [x86_64] ==> ignore
    arg [-ios_simulator_version_min] ==> ignore
    arg [11.1.0] ==> ignore
    arg [-syslibroot] ==> ignore
    arg [/Applications/Xcode.app/Contents/Developer/Platforms/iPhoneSimulator.platform/Developer/SDKs/iPhoneSimulator11.1.sdk] ==> ignore
    arg [-o] ==> ignore
    arg [cmTC_bb444] ==> ignore
    arg [-search_paths_first] ==> ignore
    arg [-headerpad_max_install_names] ==> ignore
    arg [-v] ==> ignore
    arg [CMakeFiles/cmTC_bb444.dir/CMakeCCompilerABI.c.o] ==> ignore
    arg [-lSystem] ==> lib [System]
    arg [/Applications/Xcode.app/Contents/Developer/Toolchains/XcodeDefault.xctoolchain/usr/lib/clang/9.0.0/lib/darwin/libclang_rt.ios.a] ==> lib [/Applications/Xcode.app/Contents/Developer/Toolchains/XcodeDefault.xctoolchain/usr/lib/clang/9.0.0/lib/darwin/libclang_rt.ios.a]
  Library search paths: [;/Applications/Xcode.app/Contents/Developer/Platforms/iPhoneSimulator.platform/Developer/SDKs/iPhoneSimulator11.1.sdk/usr/lib]
  Framework search paths: [;/Applications/Xcode.app/Contents/Developer/Platforms/iPhoneSimulator.platform/Developer/SDKs/iPhoneSimulator11.1.sdk/System/Library/Frameworks/]
  remove lib [System]
  remove lib [/Applications/Xcode.app/Contents/Developer/Toolchains/XcodeDefault.xctoolchain/usr/lib/clang/9.0.0/lib/darwin/libclang_rt.ios.a]
  collapse library dir [/Applications/Xcode.app/Contents/Developer/Platforms/iPhoneSimulator.platform/Developer/SDKs/iPhoneSimulator11.1.sdk/usr/lib] ==> [/Applications/Xcode.app/Contents/Developer/Platforms/iPhoneSimulator.platform/Developer/SDKs/iPhoneSimulator11.1.sdk/usr/lib]
  collapse framework dir [/Applications/Xcode.app/Contents/Developer/Platforms/iPhoneSimulator.platform/Developer/SDKs/iPhoneSimulator11.1.sdk/System/Library/Frameworks/] ==> [/Applications/Xcode.app/Contents/Developer/Platforms/iPhoneSimulator.platform/Developer/SDKs/iPhoneSimulator11.1.sdk/System/Library/Frameworks]
  implicit libs: []
  implicit dirs: [/Applications/Xcode.app/Contents/Developer/Platforms/iPhoneSimulator.platform/Developer/SDKs/iPhoneSimulator11.1.sdk/usr/lib]
  implicit fwks: [/Applications/Xcode.app/Contents/Developer/Platforms/iPhoneSimulator.platform/Developer/SDKs/iPhoneSimulator11.1.sdk/System/Library/Frameworks]




Detecting C [-std=c11] compiler features compiled with the following output:
Change Dir: /Users/cleisonmelo/Desktop/repository/linphone-iphone-master/linphone-iphone/WORK/ios-x86_64/Build/antlr3c/CMakeFiles/CMakeTmp

Run Build Command:"/usr/bin/make" "cmTC_515ba/fast"
/Applications/Xcode.app/Contents/Developer/usr/bin/make -f CMakeFiles/cmTC_515ba.dir/build.make CMakeFiles/cmTC_515ba.dir/build
Building C object CMakeFiles/cmTC_515ba.dir/feature_tests.c.o
/Applications/Xcode.app/Contents/Developer/Toolchains/XcodeDefault.xctoolchain/usr/bin/clang --target=x86_64-apple-darwin   -arch x86_64 -isysroot /Applications/Xcode.app/Contents/Developer/Platforms/iPhoneSimulator.platform/Developer/SDKs/iPhoneSimulator11.1.sdk   -std=c11 -o CMakeFiles/cmTC_515ba.dir/feature_tests.c.o   -c /Users/cleisonmelo/Desktop/repository/linphone-iphone-master/linphone-iphone/WORK/ios-x86_64/Build/antlr3c/CMakeFiles/feature_tests.c
Linking C executable cmTC_515ba
/usr/local/Cellar/cmake/3.10.0/bin/cmake -E cmake_link_script CMakeFiles/cmTC_515ba.dir/link.txt --verbose=1
/Applications/Xcode.app/Contents/Developer/Toolchains/XcodeDefault.xctoolchain/usr/bin/clang --target=x86_64-apple-darwin   -arch x86_64 -isysroot /Applications/Xcode.app/Contents/Developer/Platforms/iPhoneSimulator.platform/Developer/SDKs/iPhoneSimulator11.1.sdk -Wl,-search_paths_first -Wl,-headerpad_max_install_names   CMakeFiles/cmTC_515ba.dir/feature_tests.c.o  -o cmTC_515ba 


    Feature record: C_FEATURE:1c_function_prototypes
    Feature record: C_FEATURE:1c_restrict
    Feature record: C_FEATURE:1c_static_assert
    Feature record: C_FEATURE:1c_variadic_macros


Detecting C [-std=c99] compiler features compiled with the following output:
Change Dir: /Users/cleisonmelo/Desktop/repository/linphone-iphone-master/linphone-iphone/WORK/ios-x86_64/Build/antlr3c/CMakeFiles/CMakeTmp

Run Build Command:"/usr/bin/make" "cmTC_622ac/fast"
/Applications/Xcode.app/Contents/Developer/usr/bin/make -f CMakeFiles/cmTC_622ac.dir/build.make CMakeFiles/cmTC_622ac.dir/build
Building C object CMakeFiles/cmTC_622ac.dir/feature_tests.c.o
/Applications/Xcode.app/Contents/Developer/Toolchains/XcodeDefault.xctoolchain/usr/bin/clang --target=x86_64-apple-darwin   -arch x86_64 -isysroot /Applications/Xcode.app/Contents/Developer/Platforms/iPhoneSimulator.platform/Developer/SDKs/iPhoneSimulator11.1.sdk   -std=c99 -o CMakeFiles/cmTC_622ac.dir/feature_tests.c.o   -c /Users/cleisonmelo/Desktop/repository/linphone-iphone-master/linphone-iphone/WORK/ios-x86_64/Build/antlr3c/CMakeFiles/feature_tests.c
Linking C executable cmTC_622ac
/usr/local/Cellar/cmake/3.10.0/bin/cmake -E cmake_link_script CMakeFiles/cmTC_622ac.dir/link.txt --verbose=1
/Applications/Xcode.app/Contents/Developer/Toolchains/XcodeDefault.xctoolchain/usr/bin/clang --target=x86_64-apple-darwin   -arch x86_64 -isysroot /Applications/Xcode.app/Contents/Developer/Platforms/iPhoneSimulator.platform/Developer/SDKs/iPhoneSimulator11.1.sdk -Wl,-search_paths_first -Wl,-headerpad_max_install_names   CMakeFiles/cmTC_622ac.dir/feature_tests.c.o  -o cmTC_622ac 


    Feature record: C_FEATURE:1c_function_prototypes
    Feature record: C_FEATURE:1c_restrict
    Feature record: C_FEATURE:0c_static_assert
    Feature record: C_FEATURE:1c_variadic_macros


Detecting C [-std=c90] compiler features compiled with the following output:
Change Dir: /Users/cleisonmelo/Desktop/repository/linphone-iphone-master/linphone-iphone/WORK/ios-x86_64/Build/antlr3c/CMakeFiles/CMakeTmp

Run Build Command:"/usr/bin/make" "cmTC_06870/fast"
/Applications/Xcode.app/Contents/Developer/usr/bin/make -f CMakeFiles/cmTC_06870.dir/build.make CMakeFiles/cmTC_06870.dir/build
Building C object CMakeFiles/cmTC_06870.dir/feature_tests.c.o
/Applications/Xcode.app/Contents/Developer/Toolchains/XcodeDefault.xctoolchain/usr/bin/clang --target=x86_64-apple-darwin   -arch x86_64 -isysroot /Applications/Xcode.app/Contents/Developer/Platforms/iPhoneSimulator.platform/Developer/SDKs/iPhoneSimulator11.1.sdk   -std=c90 -o CMakeFiles/cmTC_06870.dir/feature_tests.c.o   -c /Users/cleisonmelo/Desktop/repository/linphone-iphone-master/linphone-iphone/WORK/ios-x86_64/Build/antlr3c/CMakeFiles/feature_tests.c
Linking C executable cmTC_06870
/usr/local/Cellar/cmake/3.10.0/bin/cmake -E cmake_link_script CMakeFiles/cmTC_06870.dir/link.txt --verbose=1
/Applications/Xcode.app/Contents/Developer/Toolchains/XcodeDefault.xctoolchain/usr/bin/clang --target=x86_64-apple-darwin   -arch x86_64 -isysroot /Applications/Xcode.app/Contents/Developer/Platforms/iPhoneSimulator.platform/Developer/SDKs/iPhoneSimulator11.1.sdk -Wl,-search_paths_first -Wl,-headerpad_max_install_names   CMakeFiles/cmTC_06870.dir/feature_tests.c.o  -o cmTC_06870 


    Feature record: C_FEATURE:1c_function_prototypes
    Feature record: C_FEATURE:0c_restrict
    Feature record: C_FEATURE:0c_static_assert
    Feature record: C_FEATURE:0c_variadic_macros
Determining if the include file arpa/nameser.h exists passed with the following output:
Change Dir: /Users/cleisonmelo/Desktop/repository/linphone-iphone-master/linphone-iphone/WORK/ios-x86_64/Build/antlr3c/CMakeFiles/CMakeTmp

Run Build Command:"/usr/bin/make" "cmTC_9d559/fast"
/Applications/Xcode.app/Contents/Developer/usr/bin/make -f CMakeFiles/cmTC_9d559.dir/build.make CMakeFiles/cmTC_9d559.dir/build
Building C object CMakeFiles/cmTC_9d559.dir/CheckIncludeFile.c.o
/Applications/Xcode.app/Contents/Developer/Toolchains/XcodeDefault.xctoolchain/usr/bin/clang --target=x86_64-apple-darwin   -arch x86_64 -isysroot /Applications/Xcode.app/Contents/Developer/Platforms/iPhoneSimulator.platform/Developer/SDKs/iPhoneSimulator11.1.sdk   -o CMakeFiles/cmTC_9d559.dir/CheckIncludeFile.c.o   -c /Users/cleisonmelo/Desktop/repository/linphone-iphone-master/linphone-iphone/WORK/ios-x86_64/Build/antlr3c/CMakeFiles/CMakeTmp/CheckIncludeFile.c
Linking C executable cmTC_9d559
/usr/local/Cellar/cmake/3.10.0/bin/cmake -E cmake_link_script CMakeFiles/cmTC_9d559.dir/link.txt --verbose=1
/Applications/Xcode.app/Contents/Developer/Toolchains/XcodeDefault.xctoolchain/usr/bin/clang --target=x86_64-apple-darwin   -arch x86_64 -isysroot /Applications/Xcode.app/Contents/Developer/Platforms/iPhoneSimulator.platform/Developer/SDKs/iPhoneSimulator11.1.sdk -Wl,-search_paths_first -Wl,-headerpad_max_install_names   CMakeFiles/cmTC_9d559.dir/CheckIncludeFile.c.o  -o cmTC_9d559 


Determining if the include file ctype.h exists passed with the following output:
Change Dir: /Users/cleisonmelo/Desktop/repository/linphone-iphone-master/linphone-iphone/WORK/ios-x86_64/Build/antlr3c/CMakeFiles/CMakeTmp

Run Build Command:"/usr/bin/make" "cmTC_a940b/fast"
/Applications/Xcode.app/Contents/Developer/usr/bin/make -f CMakeFiles/cmTC_a940b.dir/build.make CMakeFiles/cmTC_a940b.dir/build
Building C object CMakeFiles/cmTC_a940b.dir/CheckIncludeFile.c.o
/Applications/Xcode.app/Contents/Developer/Toolchains/XcodeDefault.xctoolchain/usr/bin/clang --target=x86_64-apple-darwin   -arch x86_64 -isysroot /Applications/Xcode.app/Contents/Developer/Platforms/iPhoneSimulator.platform/Developer/SDKs/iPhoneSimulator11.1.sdk   -o CMakeFiles/cmTC_a940b.dir/CheckIncludeFile.c.o   -c /Users/cleisonmelo/Desktop/repository/linphone-iphone-master/linphone-iphone/WORK/ios-x86_64/Build/antlr3c/CMakeFiles/CMakeTmp/CheckIncludeFile.c
Linking C executable cmTC_a940b
/usr/local/Cellar/cmake/3.10.0/bin/cmake -E cmake_link_script CMakeFiles/cmTC_a940b.dir/link.txt --verbose=1
/Applications/Xcode.app/Contents/Developer/Toolchains/XcodeDefault.xctoolchain/usr/bin/clang --target=x86_64-apple-darwin   -arch x86_64 -isysroot /Applications/Xcode.app/Contents/Developer/Platforms/iPhoneSimulator.platform/Developer/SDKs/iPhoneSimulator11.1.sdk -Wl,-search_paths_first -Wl,-headerpad_max_install_names   CMakeFiles/cmTC_a940b.dir/CheckIncludeFile.c.o  -o cmTC_a940b 


Determining if the include file inttypes.h exists passed with the following output:
Change Dir: /Users/cleisonmelo/Desktop/repository/linphone-iphone-master/linphone-iphone/WORK/ios-x86_64/Build/antlr3c/CMakeFiles/CMakeTmp

Run Build Command:"/usr/bin/make" "cmTC_87de1/fast"
/Applications/Xcode.app/Contents/Developer/usr/bin/make -f CMakeFiles/cmTC_87de1.dir/build.make CMakeFiles/cmTC_87de1.dir/build
Building C object CMakeFiles/cmTC_87de1.dir/CheckIncludeFile.c.o
/Applications/Xcode.app/Contents/Developer/Toolchains/XcodeDefault.xctoolchain/usr/bin/clang --target=x86_64-apple-darwin   -arch x86_64 -isysroot /Applications/Xcode.app/Contents/Developer/Platforms/iPhoneSimulator.platform/Developer/SDKs/iPhoneSimulator11.1.sdk   -o CMakeFiles/cmTC_87de1.dir/CheckIncludeFile.c.o   -c /Users/cleisonmelo/Desktop/repository/linphone-iphone-master/linphone-iphone/WORK/ios-x86_64/Build/antlr3c/CMakeFiles/CMakeTmp/CheckIncludeFile.c
Linking C executable cmTC_87de1
/usr/local/Cellar/cmake/3.10.0/bin/cmake -E cmake_link_script CMakeFiles/cmTC_87de1.dir/link.txt --verbose=1
/Applications/Xcode.app/Contents/Developer/Toolchains/XcodeDefault.xctoolchain/usr/bin/clang --target=x86_64-apple-darwin   -arch x86_64 -isysroot /Applications/Xcode.app/Contents/Developer/Platforms/iPhoneSimulator.platform/Developer/SDKs/iPhoneSimulator11.1.sdk -Wl,-search_paths_first -Wl,-headerpad_max_install_names   CMakeFiles/cmTC_87de1.dir/CheckIncludeFile.c.o  -o cmTC_87de1 


Determining if the include file memory.h exists passed with the following output:
Change Dir: /Users/cleisonmelo/Desktop/repository/linphone-iphone-master/linphone-iphone/WORK/ios-x86_64/Build/antlr3c/CMakeFiles/CMakeTmp

Run Build Command:"/usr/bin/make" "cmTC_de78d/fast"
/Applications/Xcode.app/Contents/Developer/usr/bin/make -f CMakeFiles/cmTC_de78d.dir/build.make CMakeFiles/cmTC_de78d.dir/build
Building C object CMakeFiles/cmTC_de78d.dir/CheckIncludeFile.c.o
/Applications/Xcode.app/Contents/Developer/Toolchains/XcodeDefault.xctoolchain/usr/bin/clang --target=x86_64-apple-darwin   -arch x86_64 -isysroot /Applications/Xcode.app/Contents/Developer/Platforms/iPhoneSimulator.platform/Developer/SDKs/iPhoneSimulator11.1.sdk   -o CMakeFiles/cmTC_de78d.dir/CheckIncludeFile.c.o   -c /Users/cleisonmelo/Desktop/repository/linphone-iphone-master/linphone-iphone/WORK/ios-x86_64/Build/antlr3c/CMakeFiles/CMakeTmp/CheckIncludeFile.c
Linking C executable cmTC_de78d
/usr/local/Cellar/cmake/3.10.0/bin/cmake -E cmake_link_script CMakeFiles/cmTC_de78d.dir/link.txt --verbose=1
/Applications/Xcode.app/Contents/Developer/Toolchains/XcodeDefault.xctoolchain/usr/bin/clang --target=x86_64-apple-darwin   -arch x86_64 -isysroot /Applications/Xcode.app/Contents/Developer/Platforms/iPhoneSimulator.platform/Developer/SDKs/iPhoneSimulator11.1.sdk -Wl,-search_paths_first -Wl,-headerpad_max_install_names   CMakeFiles/cmTC_de78d.dir/CheckIncludeFile.c.o  -o cmTC_de78d 


Determining if the include file netdb.h exists passed with the following output:
Change Dir: /Users/cleisonmelo/Desktop/repository/linphone-iphone-master/linphone-iphone/WORK/ios-x86_64/Build/antlr3c/CMakeFiles/CMakeTmp

Run Build Command:"/usr/bin/make" "cmTC_c5773/fast"
/Applications/Xcode.app/Contents/Developer/usr/bin/make -f CMakeFiles/cmTC_c5773.dir/build.make CMakeFiles/cmTC_c5773.dir/build
Building C object CMakeFiles/cmTC_c5773.dir/CheckIncludeFile.c.o
/Applications/Xcode.app/Contents/Developer/Toolchains/XcodeDefault.xctoolchain/usr/bin/clang --target=x86_64-apple-darwin   -arch x86_64 -isysroot /Applications/Xcode.app/Contents/Developer/Platforms/iPhoneSimulator.platform/Developer/SDKs/iPhoneSimulator11.1.sdk   -o CMakeFiles/cmTC_c5773.dir/CheckIncludeFile.c.o   -c /Users/cleisonmelo/Desktop/repository/linphone-iphone-master/linphone-iphone/WORK/ios-x86_64/Build/antlr3c/CMakeFiles/CMakeTmp/CheckIncludeFile.c
Linking C executable cmTC_c5773
/usr/local/Cellar/cmake/3.10.0/bin/cmake -E cmake_link_script CMakeFiles/cmTC_c5773.dir/link.txt --verbose=1
/Applications/Xcode.app/Contents/Developer/Toolchains/XcodeDefault.xctoolchain/usr/bin/clang --target=x86_64-apple-darwin   -arch x86_64 -isysroot /Applications/Xcode.app/Contents/Developer/Platforms/iPhoneSimulator.platform/Developer/SDKs/iPhoneSimulator11.1.sdk -Wl,-search_paths_first -Wl,-headerpad_max_install_names   CMakeFiles/cmTC_c5773.dir/CheckIncludeFile.c.o  -o cmTC_c5773 


Determining if the include file netinet/in.h exists passed with the following output:
Change Dir: /Users/cleisonmelo/Desktop/repository/linphone-iphone-master/linphone-iphone/WORK/ios-x86_64/Build/antlr3c/CMakeFiles/CMakeTmp

Run Build Command:"/usr/bin/make" "cmTC_599ba/fast"
/Applications/Xcode.app/Contents/Developer/usr/bin/make -f CMakeFiles/cmTC_599ba.dir/build.make CMakeFiles/cmTC_599ba.dir/build
Building C object CMakeFiles/cmTC_599ba.dir/CheckIncludeFile.c.o
/Applications/Xcode.app/Contents/Developer/Toolchains/XcodeDefault.xctoolchain/usr/bin/clang --target=x86_64-apple-darwin   -arch x86_64 -isysroot /Applications/Xcode.app/Contents/Developer/Platforms/iPhoneSimulator.platform/Developer/SDKs/iPhoneSimulator11.1.sdk   -o CMakeFiles/cmTC_599ba.dir/CheckIncludeFile.c.o   -c /Users/cleisonmelo/Desktop/repository/linphone-iphone-master/linphone-iphone/WORK/ios-x86_64/Build/antlr3c/CMakeFiles/CMakeTmp/CheckIncludeFile.c
Linking C executable cmTC_599ba
/usr/local/Cellar/cmake/3.10.0/bin/cmake -E cmake_link_script CMakeFiles/cmTC_599ba.dir/link.txt --verbose=1
/Applications/Xcode.app/Contents/Developer/Toolchains/XcodeDefault.xctoolchain/usr/bin/clang --target=x86_64-apple-darwin   -arch x86_64 -isysroot /Applications/Xcode.app/Contents/Developer/Platforms/iPhoneSimulator.platform/Developer/SDKs/iPhoneSimulator11.1.sdk -Wl,-search_paths_first -Wl,-headerpad_max_install_names   CMakeFiles/cmTC_599ba.dir/CheckIncludeFile.c.o  -o cmTC_599ba 


Determining if the include file netinet/tcp.h exists passed with the following output:
Change Dir: /Users/cleisonmelo/Desktop/repository/linphone-iphone-master/linphone-iphone/WORK/ios-x86_64/Build/antlr3c/CMakeFiles/CMakeTmp

Run Build Command:"/usr/bin/make" "cmTC_3ece9/fast"
/Applications/Xcode.app/Contents/Developer/usr/bin/make -f CMakeFiles/cmTC_3ece9.dir/build.make CMakeFiles/cmTC_3ece9.dir/build
Building C object CMakeFiles/cmTC_3ece9.dir/CheckIncludeFile.c.o
/Applications/Xcode.app/Contents/Developer/Toolchains/XcodeDefault.xctoolchain/usr/bin/clang --target=x86_64-apple-darwin   -arch x86_64 -isysroot /Applications/Xcode.app/Contents/Developer/Platforms/iPhoneSimulator.platform/Developer/SDKs/iPhoneSimulator11.1.sdk   -o CMakeFiles/cmTC_3ece9.dir/CheckIncludeFile.c.o   -c /Users/cleisonmelo/Desktop/repository/linphone-iphone-master/linphone-iphone/WORK/ios-x86_64/Build/antlr3c/CMakeFiles/CMakeTmp/CheckIncludeFile.c
Linking C executable cmTC_3ece9
/usr/local/Cellar/cmake/3.10.0/bin/cmake -E cmake_link_script CMakeFiles/cmTC_3ece9.dir/link.txt --verbose=1
/Applications/Xcode.app/Contents/Developer/Toolchains/XcodeDefault.xctoolchain/usr/bin/clang --target=x86_64-apple-darwin   -arch x86_64 -isysroot /Applications/Xcode.app/Contents/Developer/Platforms/iPhoneSimulator.platform/Developer/SDKs/iPhoneSimulator11.1.sdk -Wl,-search_paths_first -Wl,-headerpad_max_install_names   CMakeFiles/cmTC_3ece9.dir/CheckIncludeFile.c.o  -o cmTC_3ece9 


Determining if the include file stdarg.h exists passed with the following output:
Change Dir: /Users/cleisonmelo/Desktop/repository/linphone-iphone-master/linphone-iphone/WORK/ios-x86_64/Build/antlr3c/CMakeFiles/CMakeTmp

Run Build Command:"/usr/bin/make" "cmTC_20553/fast"
/Applications/Xcode.app/Contents/Developer/usr/bin/make -f CMakeFiles/cmTC_20553.dir/build.make CMakeFiles/cmTC_20553.dir/build
Building C object CMakeFiles/cmTC_20553.dir/CheckIncludeFile.c.o
/Applications/Xcode.app/Contents/Developer/Toolchains/XcodeDefault.xctoolchain/usr/bin/clang --target=x86_64-apple-darwin   -arch x86_64 -isysroot /Applications/Xcode.app/Contents/Developer/Platforms/iPhoneSimulator.platform/Developer/SDKs/iPhoneSimulator11.1.sdk   -o CMakeFiles/cmTC_20553.dir/CheckIncludeFile.c.o   -c /Users/cleisonmelo/Desktop/repository/linphone-iphone-master/linphone-iphone/WORK/ios-x86_64/Build/antlr3c/CMakeFiles/CMakeTmp/CheckIncludeFile.c
Linking C executable cmTC_20553
/usr/local/Cellar/cmake/3.10.0/bin/cmake -E cmake_link_script CMakeFiles/cmTC_20553.dir/link.txt --verbose=1
/Applications/Xcode.app/Contents/Developer/Toolchains/XcodeDefault.xctoolchain/usr/bin/clang --target=x86_64-apple-darwin   -arch x86_64 -isysroot /Applications/Xcode.app/Contents/Developer/Platforms/iPhoneSimulator.platform/Developer/SDKs/iPhoneSimulator11.1.sdk -Wl,-search_paths_first -Wl,-headerpad_max_install_names   CMakeFiles/cmTC_20553.dir/CheckIncludeFile.c.o  -o cmTC_20553 


Determining if the include file stdint.h exists passed with the following output:
Change Dir: /Users/cleisonmelo/Desktop/repository/linphone-iphone-master/linphone-iphone/WORK/ios-x86_64/Build/antlr3c/CMakeFiles/CMakeTmp

Run Build Command:"/usr/bin/make" "cmTC_ef6b2/fast"
/Applications/Xcode.app/Contents/Developer/usr/bin/make -f CMakeFiles/cmTC_ef6b2.dir/build.make CMakeFiles/cmTC_ef6b2.dir/build
Building C object CMakeFiles/cmTC_ef6b2.dir/CheckIncludeFile.c.o
/Applications/Xcode.app/Contents/Developer/Toolchains/XcodeDefault.xctoolchain/usr/bin/clang --target=x86_64-apple-darwin   -arch x86_64 -isysroot /Applications/Xcode.app/Contents/Developer/Platforms/iPhoneSimulator.platform/Developer/SDKs/iPhoneSimulator11.1.sdk   -o CMakeFiles/cmTC_ef6b2.dir/CheckIncludeFile.c.o   -c /Users/cleisonmelo/Desktop/repository/linphone-iphone-master/linphone-iphone/WORK/ios-x86_64/Build/antlr3c/CMakeFiles/CMakeTmp/CheckIncludeFile.c
Linking C executable cmTC_ef6b2
/usr/local/Cellar/cmake/3.10.0/bin/cmake -E cmake_link_script CMakeFiles/cmTC_ef6b2.dir/link.txt --verbose=1
/Applications/Xcode.app/Contents/Developer/Toolchains/XcodeDefault.xctoolchain/usr/bin/clang --target=x86_64-apple-darwin   -arch x86_64 -isysroot /Applications/Xcode.app/Contents/Developer/Platforms/iPhoneSimulator.platform/Developer/SDKs/iPhoneSimulator11.1.sdk -Wl,-search_paths_first -Wl,-headerpad_max_install_names   CMakeFiles/cmTC_ef6b2.dir/CheckIncludeFile.c.o  -o cmTC_ef6b2 


Determining if the include file stdlib.h exists passed with the following output:
Change Dir: /Users/cleisonmelo/Desktop/repository/linphone-iphone-master/linphone-iphone/WORK/ios-x86_64/Build/antlr3c/CMakeFiles/CMakeTmp

Run Build Command:"/usr/bin/make" "cmTC_cced5/fast"
/Applications/Xcode.app/Contents/Developer/usr/bin/make -f CMakeFiles/cmTC_cced5.dir/build.make CMakeFiles/cmTC_cced5.dir/build
Building C object CMakeFiles/cmTC_cced5.dir/CheckIncludeFile.c.o
/Applications/Xcode.app/Contents/Developer/Toolchains/XcodeDefault.xctoolchain/usr/bin/clang --target=x86_64-apple-darwin   -arch x86_64 -isysroot /Applications/Xcode.app/Contents/Developer/Platforms/iPhoneSimulator.platform/Developer/SDKs/iPhoneSimulator11.1.sdk   -o CMakeFiles/cmTC_cced5.dir/CheckIncludeFile.c.o   -c /Users/cleisonmelo/Desktop/repository/linphone-iphone-master/linphone-iphone/WORK/ios-x86_64/Build/antlr3c/CMakeFiles/CMakeTmp/CheckIncludeFile.c
Linking C executable cmTC_cced5
/usr/local/Cellar/cmake/3.10.0/bin/cmake -E cmake_link_script CMakeFiles/cmTC_cced5.dir/link.txt --verbose=1
/Applications/Xcode.app/Contents/Developer/Toolchains/XcodeDefault.xctoolchain/usr/bin/clang --target=x86_64-apple-darwin   -arch x86_64 -isysroot /Applications/Xcode.app/Contents/Developer/Platforms/iPhoneSimulator.platform/Developer/SDKs/iPhoneSimulator11.1.sdk -Wl,-search_paths_first -Wl,-headerpad_max_install_names   CMakeFiles/cmTC_cced5.dir/CheckIncludeFile.c.o  -o cmTC_cced5 


Determining if the include file strings.h exists passed with the following output:
Change Dir: /Users/cleisonmelo/Desktop/repository/linphone-iphone-master/linphone-iphone/WORK/ios-x86_64/Build/antlr3c/CMakeFiles/CMakeTmp

Run Build Command:"/usr/bin/make" "cmTC_6744f/fast"
/Applications/Xcode.app/Contents/Developer/usr/bin/make -f CMakeFiles/cmTC_6744f.dir/build.make CMakeFiles/cmTC_6744f.dir/build
Building C object CMakeFiles/cmTC_6744f.dir/CheckIncludeFile.c.o
/Applications/Xcode.app/Contents/Developer/Toolchains/XcodeDefault.xctoolchain/usr/bin/clang --target=x86_64-apple-darwin   -arch x86_64 -isysroot /Applications/Xcode.app/Contents/Developer/Platforms/iPhoneSimulator.platform/Developer/SDKs/iPhoneSimulator11.1.sdk   -o CMakeFiles/cmTC_6744f.dir/CheckIncludeFile.c.o   -c /Users/cleisonmelo/Desktop/repository/linphone-iphone-master/linphone-iphone/WORK/ios-x86_64/Build/antlr3c/CMakeFiles/CMakeTmp/CheckIncludeFile.c
Linking C executable cmTC_6744f
/usr/local/Cellar/cmake/3.10.0/bin/cmake -E cmake_link_script CMakeFiles/cmTC_6744f.dir/link.txt --verbose=1
/Applications/Xcode.app/Contents/Developer/Toolchains/XcodeDefault.xctoolchain/usr/bin/clang --target=x86_64-apple-darwin   -arch x86_64 -isysroot /Applications/Xcode.app/Contents/Developer/Platforms/iPhoneSimulator.platform/Developer/SDKs/iPhoneSimulator11.1.sdk -Wl,-search_paths_first -Wl,-headerpad_max_install_names   CMakeFiles/cmTC_6744f.dir/CheckIncludeFile.c.o  -o cmTC_6744f 


Determining if the include file string.h exists passed with the following output:
Change Dir: /Users/cleisonmelo/Desktop/repository/linphone-iphone-master/linphone-iphone/WORK/ios-x86_64/Build/antlr3c/CMakeFiles/CMakeTmp

Run Build Command:"/usr/bin/make" "cmTC_848fd/fast"
/Applications/Xcode.app/Contents/Developer/usr/bin/make -f CMakeFiles/cmTC_848fd.dir/build.make CMakeFiles/cmTC_848fd.dir/build
Building C object CMakeFiles/cmTC_848fd.dir/CheckIncludeFile.c.o
/Applications/Xcode.app/Contents/Developer/Toolchains/XcodeDefault.xctoolchain/usr/bin/clang --target=x86_64-apple-darwin   -arch x86_64 -isysroot /Applications/Xcode.app/Contents/Developer/Platforms/iPhoneSimulator.platform/Developer/SDKs/iPhoneSimulator11.1.sdk   -o CMakeFiles/cmTC_848fd.dir/CheckIncludeFile.c.o   -c /Users/cleisonmelo/Desktop/repository/linphone-iphone-master/linphone-iphone/WORK/ios-x86_64/Build/antlr3c/CMakeFiles/CMakeTmp/CheckIncludeFile.c
Linking C executable cmTC_848fd
/usr/local/Cellar/cmake/3.10.0/bin/cmake -E cmake_link_script CMakeFiles/cmTC_848fd.dir/link.txt --verbose=1
/Applications/Xcode.app/Contents/Developer/Toolchains/XcodeDefault.xctoolchain/usr/bin/clang --target=x86_64-apple-darwin   -arch x86_64 -isysroot /Applications/Xcode.app/Contents/Developer/Platforms/iPhoneSimulator.platform/Developer/SDKs/iPhoneSimulator11.1.sdk -Wl,-search_paths_first -Wl,-headerpad_max_install_names   CMakeFiles/cmTC_848fd.dir/CheckIncludeFile.c.o  -o cmTC_848fd 


Determining if the include file sys/socket.h exists passed with the following output:
Change Dir: /Users/cleisonmelo/Desktop/repository/linphone-iphone-master/linphone-iphone/WORK/ios-x86_64/Build/antlr3c/CMakeFiles/CMakeTmp

Run Build Command:"/usr/bin/make" "cmTC_b9ca2/fast"
/Applications/Xcode.app/Contents/Developer/usr/bin/make -f CMakeFiles/cmTC_b9ca2.dir/build.make CMakeFiles/cmTC_b9ca2.dir/build
Building C object CMakeFiles/cmTC_b9ca2.dir/CheckIncludeFile.c.o
/Applications/Xcode.app/Contents/Developer/Toolchains/XcodeDefault.xctoolchain/usr/bin/clang --target=x86_64-apple-darwin   -arch x86_64 -isysroot /Applications/Xcode.app/Contents/Developer/Platforms/iPhoneSimulator.platform/Developer/SDKs/iPhoneSimulator11.1.sdk   -o CMakeFiles/cmTC_b9ca2.dir/CheckIncludeFile.c.o   -c /Users/cleisonmelo/Desktop/repository/linphone-iphone-master/linphone-iphone/WORK/ios-x86_64/Build/antlr3c/CMakeFiles/CMakeTmp/CheckIncludeFile.c
Linking C executable cmTC_b9ca2
/usr/local/Cellar/cmake/3.10.0/bin/cmake -E cmake_link_script CMakeFiles/cmTC_b9ca2.dir/link.txt --verbose=1
/Applications/Xcode.app/Contents/Developer/Toolchains/XcodeDefault.xctoolchain/usr/bin/clang --target=x86_64-apple-darwin   -arch x86_64 -isysroot /Applications/Xcode.app/Contents/Developer/Platforms/iPhoneSimulator.platform/Developer/SDKs/iPhoneSimulator11.1.sdk -Wl,-search_paths_first -Wl,-headerpad_max_install_names   CMakeFiles/cmTC_b9ca2.dir/CheckIncludeFile.c.o  -o cmTC_b9ca2 


Determining if the include file sys/stat.h exists passed with the following output:
Change Dir: /Users/cleisonmelo/Desktop/repository/linphone-iphone-master/linphone-iphone/WORK/ios-x86_64/Build/antlr3c/CMakeFiles/CMakeTmp

Run Build Command:"/usr/bin/make" "cmTC_ca6ec/fast"
/Applications/Xcode.app/Contents/Developer/usr/bin/make -f CMakeFiles/cmTC_ca6ec.dir/build.make CMakeFiles/cmTC_ca6ec.dir/build
Building C object CMakeFiles/cmTC_ca6ec.dir/CheckIncludeFile.c.o
/Applications/Xcode.app/Contents/Developer/Toolchains/XcodeDefault.xctoolchain/usr/bin/clang --target=x86_64-apple-darwin   -arch x86_64 -isysroot /Applications/Xcode.app/Contents/Developer/Platforms/iPhoneSimulator.platform/Developer/SDKs/iPhoneSimulator11.1.sdk   -o CMakeFiles/cmTC_ca6ec.dir/CheckIncludeFile.c.o   -c /Users/cleisonmelo/Desktop/repository/linphone-iphone-master/linphone-iphone/WORK/ios-x86_64/Build/antlr3c/CMakeFiles/CMakeTmp/CheckIncludeFile.c
Linking C executable cmTC_ca6ec
/usr/local/Cellar/cmake/3.10.0/bin/cmake -E cmake_link_script CMakeFiles/cmTC_ca6ec.dir/link.txt --verbose=1
/Applications/Xcode.app/Contents/Developer/Toolchains/XcodeDefault.xctoolchain/usr/bin/clang --target=x86_64-apple-darwin   -arch x86_64 -isysroot /Applications/Xcode.app/Contents/Developer/Platforms/iPhoneSimulator.platform/Developer/SDKs/iPhoneSimulator11.1.sdk -Wl,-search_paths_first -Wl,-headerpad_max_install_names   CMakeFiles/cmTC_ca6ec.dir/CheckIncludeFile.c.o  -o cmTC_ca6ec 


Determining if the include file sys/types.h exists passed with the following output:
Change Dir: /Users/cleisonmelo/Desktop/repository/linphone-iphone-master/linphone-iphone/WORK/ios-x86_64/Build/antlr3c/CMakeFiles/CMakeTmp

Run Build Command:"/usr/bin/make" "cmTC_05cda/fast"
/Applications/Xcode.app/Contents/Developer/usr/bin/make -f CMakeFiles/cmTC_05cda.dir/build.make CMakeFiles/cmTC_05cda.dir/build
Building C object CMakeFiles/cmTC_05cda.dir/CheckIncludeFile.c.o
/Applications/Xcode.app/Contents/Developer/Toolchains/XcodeDefault.xctoolchain/usr/bin/clang --target=x86_64-apple-darwin   -arch x86_64 -isysroot /Applications/Xcode.app/Contents/Developer/Platforms/iPhoneSimulator.platform/Developer/SDKs/iPhoneSimulator11.1.sdk   -o CMakeFiles/cmTC_05cda.dir/CheckIncludeFile.c.o   -c /Users/cleisonmelo/Desktop/repository/linphone-iphone-master/linphone-iphone/WORK/ios-x86_64/Build/antlr3c/CMakeFiles/CMakeTmp/CheckIncludeFile.c
Linking C executable cmTC_05cda
/usr/local/Cellar/cmake/3.10.0/bin/cmake -E cmake_link_script CMakeFiles/cmTC_05cda.dir/link.txt --verbose=1
/Applications/Xcode.app/Contents/Developer/Toolchains/XcodeDefault.xctoolchain/usr/bin/clang --target=x86_64-apple-darwin   -arch x86_64 -isysroot /Applications/Xcode.app/Contents/Developer/Platforms/iPhoneSimulator.platform/Developer/SDKs/iPhoneSimulator11.1.sdk -Wl,-search_paths_first -Wl,-headerpad_max_install_names   CMakeFiles/cmTC_05cda.dir/CheckIncludeFile.c.o  -o cmTC_05cda 


Determining if the include file unistd.h exists passed with the following output:
Change Dir: /Users/cleisonmelo/Desktop/repository/linphone-iphone-master/linphone-iphone/WORK/ios-x86_64/Build/antlr3c/CMakeFiles/CMakeTmp

Run Build Command:"/usr/bin/make" "cmTC_4ebef/fast"
/Applications/Xcode.app/Contents/Developer/usr/bin/make -f CMakeFiles/cmTC_4ebef.dir/build.make CMakeFiles/cmTC_4ebef.dir/build
Building C object CMakeFiles/cmTC_4ebef.dir/CheckIncludeFile.c.o
/Applications/Xcode.app/Contents/Developer/Toolchains/XcodeDefault.xctoolchain/usr/bin/clang --target=x86_64-apple-darwin   -arch x86_64 -isysroot /Applications/Xcode.app/Contents/Developer/Platforms/iPhoneSimulator.platform/Developer/SDKs/iPhoneSimulator11.1.sdk   -o CMakeFiles/cmTC_4ebef.dir/CheckIncludeFile.c.o   -c /Users/cleisonmelo/Desktop/repository/linphone-iphone-master/linphone-iphone/WORK/ios-x86_64/Build/antlr3c/CMakeFiles/CMakeTmp/CheckIncludeFile.c
Linking C executable cmTC_4ebef
/usr/local/Cellar/cmake/3.10.0/bin/cmake -E cmake_link_script CMakeFiles/cmTC_4ebef.dir/link.txt --verbose=1
/Applications/Xcode.app/Contents/Developer/Toolchains/XcodeDefault.xctoolchain/usr/bin/clang --target=x86_64-apple-darwin   -arch x86_64 -isysroot /Applications/Xcode.app/Contents/Developer/Platforms/iPhoneSimulator.platform/Developer/SDKs/iPhoneSimulator11.1.sdk -Wl,-search_paths_first -Wl,-headerpad_max_install_names   CMakeFiles/cmTC_4ebef.dir/CheckIncludeFile.c.o  -o cmTC_4ebef 


