Determining if the include file malloc.h exists failed with the following output:
Change Dir: /Users/cleisonmelo/Desktop/repository/linphone-iphone-master/linphone-iphone/WORK/ios-arm64/Build/antlr3c/CMakeFiles/CMakeTmp

Run Build Command:"/usr/bin/make" "cmTC_957ed/fast"
/Applications/Xcode.app/Contents/Developer/usr/bin/make -f CMakeFiles/cmTC_957ed.dir/build.make CMakeFiles/cmTC_957ed.dir/build
Building C object CMakeFiles/cmTC_957ed.dir/CheckIncludeFile.c.o
/Applications/Xcode.app/Contents/Developer/Toolchains/XcodeDefault.xctoolchain/usr/bin/clang --target=arm64-apple-darwin   -arch arm64 -isysroot /Applications/Xcode.app/Contents/Developer/Platforms/iPhoneOS.platform/Developer/SDKs/iPhoneOS11.1.sdk   -o CMakeFiles/cmTC_957ed.dir/CheckIncludeFile.c.o   -c /Users/cleisonmelo/Desktop/repository/linphone-iphone-master/linphone-iphone/WORK/ios-arm64/Build/antlr3c/CMakeFiles/CMakeTmp/CheckIncludeFile.c
/Users/cleisonmelo/Desktop/repository/linphone-iphone-master/linphone-iphone/WORK/ios-arm64/Build/antlr3c/CMakeFiles/CMakeTmp/CheckIncludeFile.c:1:10: fatal error: 'malloc.h' file not found
#include <malloc.h>
         ^~~~~~~~~~
1 error generated.
make[5]: *** [CMakeFiles/cmTC_957ed.dir/CheckIncludeFile.c.o] Error 1
make[4]: *** [cmTC_957ed/fast] Error 2


Determining if the include file socket.h exists failed with the following output:
Change Dir: /Users/cleisonmelo/Desktop/repository/linphone-iphone-master/linphone-iphone/WORK/ios-arm64/Build/antlr3c/CMakeFiles/CMakeTmp

Run Build Command:"/usr/bin/make" "cmTC_ddcd4/fast"
/Applications/Xcode.app/Contents/Developer/usr/bin/make -f CMakeFiles/cmTC_ddcd4.dir/build.make CMakeFiles/cmTC_ddcd4.dir/build
Building C object CMakeFiles/cmTC_ddcd4.dir/CheckIncludeFile.c.o
/Applications/Xcode.app/Contents/Developer/Toolchains/XcodeDefault.xctoolchain/usr/bin/clang --target=arm64-apple-darwin   -arch arm64 -isysroot /Applications/Xcode.app/Contents/Developer/Platforms/iPhoneOS.platform/Developer/SDKs/iPhoneOS11.1.sdk   -o CMakeFiles/cmTC_ddcd4.dir/CheckIncludeFile.c.o   -c /Users/cleisonmelo/Desktop/repository/linphone-iphone-master/linphone-iphone/WORK/ios-arm64/Build/antlr3c/CMakeFiles/CMakeTmp/CheckIncludeFile.c
/Users/cleisonmelo/Desktop/repository/linphone-iphone-master/linphone-iphone/WORK/ios-arm64/Build/antlr3c/CMakeFiles/CMakeTmp/CheckIncludeFile.c:1:10: fatal error: 'socket.h' file not found
#include <socket.h>
         ^~~~~~~~~~
1 error generated.
make[5]: *** [CMakeFiles/cmTC_ddcd4.dir/CheckIncludeFile.c.o] Error 1
make[4]: *** [cmTC_ddcd4/fast] Error 2


Determining if the include file sys/malloc.h exists failed with the following output:
Change Dir: /Users/cleisonmelo/Desktop/repository/linphone-iphone-master/linphone-iphone/WORK/ios-arm64/Build/antlr3c/CMakeFiles/CMakeTmp

Run Build Command:"/usr/bin/make" "cmTC_5a376/fast"
/Applications/Xcode.app/Contents/Developer/usr/bin/make -f CMakeFiles/cmTC_5a376.dir/build.make CMakeFiles/cmTC_5a376.dir/build
Building C object CMakeFiles/cmTC_5a376.dir/CheckIncludeFile.c.o
/Applications/Xcode.app/Contents/Developer/Toolchains/XcodeDefault.xctoolchain/usr/bin/clang --target=arm64-apple-darwin   -arch arm64 -isysroot /Applications/Xcode.app/Contents/Developer/Platforms/iPhoneOS.platform/Developer/SDKs/iPhoneOS11.1.sdk   -o CMakeFiles/cmTC_5a376.dir/CheckIncludeFile.c.o   -c /Users/cleisonmelo/Desktop/repository/linphone-iphone-master/linphone-iphone/WORK/ios-arm64/Build/antlr3c/CMakeFiles/CMakeTmp/CheckIncludeFile.c
/Users/cleisonmelo/Desktop/repository/linphone-iphone-master/linphone-iphone/WORK/ios-arm64/Build/antlr3c/CMakeFiles/CMakeTmp/CheckIncludeFile.c:1:10: fatal error: 'sys/malloc.h' file not found
#include <sys/malloc.h>
         ^~~~~~~~~~~~~~
1 error generated.
make[5]: *** [CMakeFiles/cmTC_5a376.dir/CheckIncludeFile.c.o] Error 1
make[4]: *** [cmTC_5a376/fast] Error 2


