The target system is: Darwin - 11.1 - armv7
The host system is: Darwin - 16.7.0 - x86_64
Compiling the C compiler identification source file "CMakeCCompilerId.c" succeeded.
Compiler: /Applications/Xcode.app/Contents/Developer/Toolchains/XcodeDefault.xctoolchain/usr/bin/clang 
Build flags: 
Id flags:  

The output was:
0


Compilation of the C compiler identification source "CMakeCCompilerId.c" produced "a.out"

The C compiler identification is AppleClang, found in "/Users/cleisonmelo/Desktop/repository/linphone-iphone-master/linphone-iphone/WORK/ios-armv7/Build/bcg729/CMakeFiles/3.10.0/CompilerIdC/a.out"

Determining if the C compiler works passed with the following output:
Change Dir: /Users/cleisonmelo/Desktop/repository/linphone-iphone-master/linphone-iphone/WORK/ios-armv7/Build/bcg729/CMakeFiles/CMakeTmp

Run Build Command:"/usr/bin/make" "cmTC_5a6e5/fast"
/Applications/Xcode.app/Contents/Developer/usr/bin/make -f CMakeFiles/cmTC_5a6e5.dir/build.make CMakeFiles/cmTC_5a6e5.dir/build
Building C object CMakeFiles/cmTC_5a6e5.dir/testCCompiler.c.o
/Applications/Xcode.app/Contents/Developer/Toolchains/XcodeDefault.xctoolchain/usr/bin/clang --target=armv7-apple-darwin   -arch armv7 -isysroot /Applications/Xcode.app/Contents/Developer/Platforms/iPhoneOS.platform/Developer/SDKs/iPhoneOS11.1.sdk   -o CMakeFiles/cmTC_5a6e5.dir/testCCompiler.c.o   -c /Users/cleisonmelo/Desktop/repository/linphone-iphone-master/linphone-iphone/WORK/ios-armv7/Build/bcg729/CMakeFiles/CMakeTmp/testCCompiler.c
Linking C executable cmTC_5a6e5
/usr/local/Cellar/cmake/3.10.0/bin/cmake -E cmake_link_script CMakeFiles/cmTC_5a6e5.dir/link.txt --verbose=1
/Applications/Xcode.app/Contents/Developer/Toolchains/XcodeDefault.xctoolchain/usr/bin/clang --target=armv7-apple-darwin   -arch armv7 -isysroot /Applications/Xcode.app/Contents/Developer/Platforms/iPhoneOS.platform/Developer/SDKs/iPhoneOS11.1.sdk -Wl,-search_paths_first -Wl,-headerpad_max_install_names   CMakeFiles/cmTC_5a6e5.dir/testCCompiler.c.o  -o cmTC_5a6e5 


Detecting C compiler ABI info compiled with the following output:
Change Dir: /Users/cleisonmelo/Desktop/repository/linphone-iphone-master/linphone-iphone/WORK/ios-armv7/Build/bcg729/CMakeFiles/CMakeTmp

Run Build Command:"/usr/bin/make" "cmTC_7c162/fast"
/Applications/Xcode.app/Contents/Developer/usr/bin/make -f CMakeFiles/cmTC_7c162.dir/build.make CMakeFiles/cmTC_7c162.dir/build
Building C object CMakeFiles/cmTC_7c162.dir/CMakeCCompilerABI.c.o
/Applications/Xcode.app/Contents/Developer/Toolchains/XcodeDefault.xctoolchain/usr/bin/clang --target=armv7-apple-darwin   -arch armv7 -isysroot /Applications/Xcode.app/Contents/Developer/Platforms/iPhoneOS.platform/Developer/SDKs/iPhoneOS11.1.sdk   -o CMakeFiles/cmTC_7c162.dir/CMakeCCompilerABI.c.o   -c /usr/local/Cellar/cmake/3.10.0/share/cmake/Modules/CMakeCCompilerABI.c
Linking C executable cmTC_7c162
/usr/local/Cellar/cmake/3.10.0/bin/cmake -E cmake_link_script CMakeFiles/cmTC_7c162.dir/link.txt --verbose=1
/Applications/Xcode.app/Contents/Developer/Toolchains/XcodeDefault.xctoolchain/usr/bin/clang --target=armv7-apple-darwin   -arch armv7 -isysroot /Applications/Xcode.app/Contents/Developer/Platforms/iPhoneOS.platform/Developer/SDKs/iPhoneOS11.1.sdk -Wl,-search_paths_first -Wl,-headerpad_max_install_names  -v -Wl,-v CMakeFiles/cmTC_7c162.dir/CMakeCCompilerABI.c.o  -o cmTC_7c162 
Apple LLVM version 9.0.0 (clang-900.0.38)
Target: arm-apple-darwin
Thread model: posix
InstalledDir: /Applications/Xcode.app/Contents/Developer/Toolchains/XcodeDefault.xctoolchain/usr/bin
 "/Applications/Xcode.app/Contents/Developer/Toolchains/XcodeDefault.xctoolchain/usr/bin/ld" -demangle -lto_library /Applications/Xcode.app/Contents/Developer/Toolchains/XcodeDefault.xctoolchain/usr/lib/libLTO.dylib -dynamic -arch armv7 -iphoneos_version_min 10.99.99 -syslibroot /Applications/Xcode.app/Contents/Developer/Platforms/iPhoneOS.platform/Developer/SDKs/iPhoneOS11.1.sdk -o cmTC_7c162 -search_paths_first -headerpad_max_install_names -v CMakeFiles/cmTC_7c162.dir/CMakeCCompilerABI.c.o -lSystem /Applications/Xcode.app/Contents/Developer/Toolchains/XcodeDefault.xctoolchain/usr/lib/clang/9.0.0/lib/darwin/libclang_rt.ios.a
@(#)PROGRAM:ld  PROJECT:ld64-302.3.1
configured to support archs: armv6 armv7 armv7s arm64 i386 x86_64 x86_64h armv6m armv7k armv7m armv7em (tvOS)
Library search paths:
	/Applications/Xcode.app/Contents/Developer/Platforms/iPhoneOS.platform/Developer/SDKs/iPhoneOS11.1.sdk/usr/lib
Framework search paths:
	/Applications/Xcode.app/Contents/Developer/Platforms/iPhoneOS.platform/Developer/SDKs/iPhoneOS11.1.sdk/System/Library/Frameworks/


Parsed C implicit link information from above output:
  link line regex: [^( *|.*[/\])(ld|CMAKE_LINK_STARTFILE-NOTFOUND|([^/\]+-)?ld|collect2)[^/\]*( |$)]
  ignore line: [Change Dir: /Users/cleisonmelo/Desktop/repository/linphone-iphone-master/linphone-iphone/WORK/ios-armv7/Build/bcg729/CMakeFiles/CMakeTmp]
  ignore line: []
  ignore line: [Run Build Command:"/usr/bin/make" "cmTC_7c162/fast"]
  ignore line: [/Applications/Xcode.app/Contents/Developer/usr/bin/make -f CMakeFiles/cmTC_7c162.dir/build.make CMakeFiles/cmTC_7c162.dir/build]
  ignore line: [Building C object CMakeFiles/cmTC_7c162.dir/CMakeCCompilerABI.c.o]
  ignore line: [/Applications/Xcode.app/Contents/Developer/Toolchains/XcodeDefault.xctoolchain/usr/bin/clang --target=armv7-apple-darwin   -arch armv7 -isysroot /Applications/Xcode.app/Contents/Developer/Platforms/iPhoneOS.platform/Developer/SDKs/iPhoneOS11.1.sdk   -o CMakeFiles/cmTC_7c162.dir/CMakeCCompilerABI.c.o   -c /usr/local/Cellar/cmake/3.10.0/share/cmake/Modules/CMakeCCompilerABI.c]
  ignore line: [Linking C executable cmTC_7c162]
  ignore line: [/usr/local/Cellar/cmake/3.10.0/bin/cmake -E cmake_link_script CMakeFiles/cmTC_7c162.dir/link.txt --verbose=1]
  ignore line: [/Applications/Xcode.app/Contents/Developer/Toolchains/XcodeDefault.xctoolchain/usr/bin/clang --target=armv7-apple-darwin   -arch armv7 -isysroot /Applications/Xcode.app/Contents/Developer/Platforms/iPhoneOS.platform/Developer/SDKs/iPhoneOS11.1.sdk -Wl,-search_paths_first -Wl,-headerpad_max_install_names  -v -Wl,-v CMakeFiles/cmTC_7c162.dir/CMakeCCompilerABI.c.o  -o cmTC_7c162 ]
  ignore line: [Apple LLVM version 9.0.0 (clang-900.0.38)]
  ignore line: [Target: arm-apple-darwin]
  ignore line: [Thread model: posix]
  ignore line: [InstalledDir: /Applications/Xcode.app/Contents/Developer/Toolchains/XcodeDefault.xctoolchain/usr/bin]
  link line: [ "/Applications/Xcode.app/Contents/Developer/Toolchains/XcodeDefault.xctoolchain/usr/bin/ld" -demangle -lto_library /Applications/Xcode.app/Contents/Developer/Toolchains/XcodeDefault.xctoolchain/usr/lib/libLTO.dylib -dynamic -arch armv7 -iphoneos_version_min 10.99.99 -syslibroot /Applications/Xcode.app/Contents/Developer/Platforms/iPhoneOS.platform/Developer/SDKs/iPhoneOS11.1.sdk -o cmTC_7c162 -search_paths_first -headerpad_max_install_names -v CMakeFiles/cmTC_7c162.dir/CMakeCCompilerABI.c.o -lSystem /Applications/Xcode.app/Contents/Developer/Toolchains/XcodeDefault.xctoolchain/usr/lib/clang/9.0.0/lib/darwin/libclang_rt.ios.a]
    arg [/Applications/Xcode.app/Contents/Developer/Toolchains/XcodeDefault.xctoolchain/usr/bin/ld] ==> ignore
    arg [-demangle] ==> ignore
    arg [-lto_library] ==> ignore, skip following value
    arg [/Applications/Xcode.app/Contents/Developer/Toolchains/XcodeDefault.xctoolchain/usr/lib/libLTO.dylib] ==> skip value of -lto_library
    arg [-dynamic] ==> ignore
    arg [-arch] ==> ignore
    arg [armv7] ==> ignore
    arg [-iphoneos_version_min] ==> ignore
    arg [10.99.99] ==> ignore
    arg [-syslibroot] ==> ignore
    arg [/Applications/Xcode.app/Contents/Developer/Platforms/iPhoneOS.platform/Developer/SDKs/iPhoneOS11.1.sdk] ==> ignore
    arg [-o] ==> ignore
    arg [cmTC_7c162] ==> ignore
    arg [-search_paths_first] ==> ignore
    arg [-headerpad_max_install_names] ==> ignore
    arg [-v] ==> ignore
    arg [CMakeFiles/cmTC_7c162.dir/CMakeCCompilerABI.c.o] ==> ignore
    arg [-lSystem] ==> lib [System]
    arg [/Applications/Xcode.app/Contents/Developer/Toolchains/XcodeDefault.xctoolchain/usr/lib/clang/9.0.0/lib/darwin/libclang_rt.ios.a] ==> lib [/Applications/Xcode.app/Contents/Developer/Toolchains/XcodeDefault.xctoolchain/usr/lib/clang/9.0.0/lib/darwin/libclang_rt.ios.a]
  Library search paths: [;/Applications/Xcode.app/Contents/Developer/Platforms/iPhoneOS.platform/Developer/SDKs/iPhoneOS11.1.sdk/usr/lib]
  Framework search paths: [;/Applications/Xcode.app/Contents/Developer/Platforms/iPhoneOS.platform/Developer/SDKs/iPhoneOS11.1.sdk/System/Library/Frameworks/]
  remove lib [System]
  remove lib [/Applications/Xcode.app/Contents/Developer/Toolchains/XcodeDefault.xctoolchain/usr/lib/clang/9.0.0/lib/darwin/libclang_rt.ios.a]
  collapse library dir [/Applications/Xcode.app/Contents/Developer/Platforms/iPhoneOS.platform/Developer/SDKs/iPhoneOS11.1.sdk/usr/lib] ==> [/Applications/Xcode.app/Contents/Developer/Platforms/iPhoneOS.platform/Developer/SDKs/iPhoneOS11.1.sdk/usr/lib]
  collapse framework dir [/Applications/Xcode.app/Contents/Developer/Platforms/iPhoneOS.platform/Developer/SDKs/iPhoneOS11.1.sdk/System/Library/Frameworks/] ==> [/Applications/Xcode.app/Contents/Developer/Platforms/iPhoneOS.platform/Developer/SDKs/iPhoneOS11.1.sdk/System/Library/Frameworks]
  implicit libs: []
  implicit dirs: [/Applications/Xcode.app/Contents/Developer/Platforms/iPhoneOS.platform/Developer/SDKs/iPhoneOS11.1.sdk/usr/lib]
  implicit fwks: [/Applications/Xcode.app/Contents/Developer/Platforms/iPhoneOS.platform/Developer/SDKs/iPhoneOS11.1.sdk/System/Library/Frameworks]




Detecting C [-std=c11] compiler features compiled with the following output:
Change Dir: /Users/cleisonmelo/Desktop/repository/linphone-iphone-master/linphone-iphone/WORK/ios-armv7/Build/bcg729/CMakeFiles/CMakeTmp

Run Build Command:"/usr/bin/make" "cmTC_7140c/fast"
/Applications/Xcode.app/Contents/Developer/usr/bin/make -f CMakeFiles/cmTC_7140c.dir/build.make CMakeFiles/cmTC_7140c.dir/build
Building C object CMakeFiles/cmTC_7140c.dir/feature_tests.c.o
/Applications/Xcode.app/Contents/Developer/Toolchains/XcodeDefault.xctoolchain/usr/bin/clang --target=armv7-apple-darwin   -arch armv7 -isysroot /Applications/Xcode.app/Contents/Developer/Platforms/iPhoneOS.platform/Developer/SDKs/iPhoneOS11.1.sdk   -std=c11 -o CMakeFiles/cmTC_7140c.dir/feature_tests.c.o   -c /Users/cleisonmelo/Desktop/repository/linphone-iphone-master/linphone-iphone/WORK/ios-armv7/Build/bcg729/CMakeFiles/feature_tests.c
Linking C executable cmTC_7140c
/usr/local/Cellar/cmake/3.10.0/bin/cmake -E cmake_link_script CMakeFiles/cmTC_7140c.dir/link.txt --verbose=1
/Applications/Xcode.app/Contents/Developer/Toolchains/XcodeDefault.xctoolchain/usr/bin/clang --target=armv7-apple-darwin   -arch armv7 -isysroot /Applications/Xcode.app/Contents/Developer/Platforms/iPhoneOS.platform/Developer/SDKs/iPhoneOS11.1.sdk -Wl,-search_paths_first -Wl,-headerpad_max_install_names   CMakeFiles/cmTC_7140c.dir/feature_tests.c.o  -o cmTC_7140c 


    Feature record: C_FEATURE:1c_function_prototypes
    Feature record: C_FEATURE:1c_restrict
    Feature record: C_FEATURE:1c_static_assert
    Feature record: C_FEATURE:1c_variadic_macros


Detecting C [-std=c99] compiler features compiled with the following output:
Change Dir: /Users/cleisonmelo/Desktop/repository/linphone-iphone-master/linphone-iphone/WORK/ios-armv7/Build/bcg729/CMakeFiles/CMakeTmp

Run Build Command:"/usr/bin/make" "cmTC_5c85a/fast"
/Applications/Xcode.app/Contents/Developer/usr/bin/make -f CMakeFiles/cmTC_5c85a.dir/build.make CMakeFiles/cmTC_5c85a.dir/build
Building C object CMakeFiles/cmTC_5c85a.dir/feature_tests.c.o
/Applications/Xcode.app/Contents/Developer/Toolchains/XcodeDefault.xctoolchain/usr/bin/clang --target=armv7-apple-darwin   -arch armv7 -isysroot /Applications/Xcode.app/Contents/Developer/Platforms/iPhoneOS.platform/Developer/SDKs/iPhoneOS11.1.sdk   -std=c99 -o CMakeFiles/cmTC_5c85a.dir/feature_tests.c.o   -c /Users/cleisonmelo/Desktop/repository/linphone-iphone-master/linphone-iphone/WORK/ios-armv7/Build/bcg729/CMakeFiles/feature_tests.c
Linking C executable cmTC_5c85a
/usr/local/Cellar/cmake/3.10.0/bin/cmake -E cmake_link_script CMakeFiles/cmTC_5c85a.dir/link.txt --verbose=1
/Applications/Xcode.app/Contents/Developer/Toolchains/XcodeDefault.xctoolchain/usr/bin/clang --target=armv7-apple-darwin   -arch armv7 -isysroot /Applications/Xcode.app/Contents/Developer/Platforms/iPhoneOS.platform/Developer/SDKs/iPhoneOS11.1.sdk -Wl,-search_paths_first -Wl,-headerpad_max_install_names   CMakeFiles/cmTC_5c85a.dir/feature_tests.c.o  -o cmTC_5c85a 


    Feature record: C_FEATURE:1c_function_prototypes
    Feature record: C_FEATURE:1c_restrict
    Feature record: C_FEATURE:0c_static_assert
    Feature record: C_FEATURE:1c_variadic_macros


Detecting C [-std=c90] compiler features compiled with the following output:
Change Dir: /Users/cleisonmelo/Desktop/repository/linphone-iphone-master/linphone-iphone/WORK/ios-armv7/Build/bcg729/CMakeFiles/CMakeTmp

Run Build Command:"/usr/bin/make" "cmTC_768bb/fast"
/Applications/Xcode.app/Contents/Developer/usr/bin/make -f CMakeFiles/cmTC_768bb.dir/build.make CMakeFiles/cmTC_768bb.dir/build
Building C object CMakeFiles/cmTC_768bb.dir/feature_tests.c.o
/Applications/Xcode.app/Contents/Developer/Toolchains/XcodeDefault.xctoolchain/usr/bin/clang --target=armv7-apple-darwin   -arch armv7 -isysroot /Applications/Xcode.app/Contents/Developer/Platforms/iPhoneOS.platform/Developer/SDKs/iPhoneOS11.1.sdk   -std=c90 -o CMakeFiles/cmTC_768bb.dir/feature_tests.c.o   -c /Users/cleisonmelo/Desktop/repository/linphone-iphone-master/linphone-iphone/WORK/ios-armv7/Build/bcg729/CMakeFiles/feature_tests.c
Linking C executable cmTC_768bb
/usr/local/Cellar/cmake/3.10.0/bin/cmake -E cmake_link_script CMakeFiles/cmTC_768bb.dir/link.txt --verbose=1
/Applications/Xcode.app/Contents/Developer/Toolchains/XcodeDefault.xctoolchain/usr/bin/clang --target=armv7-apple-darwin   -arch armv7 -isysroot /Applications/Xcode.app/Contents/Developer/Platforms/iPhoneOS.platform/Developer/SDKs/iPhoneOS11.1.sdk -Wl,-search_paths_first -Wl,-headerpad_max_install_names   CMakeFiles/cmTC_768bb.dir/feature_tests.c.o  -o cmTC_768bb 


    Feature record: C_FEATURE:1c_function_prototypes
    Feature record: C_FEATURE:0c_restrict
    Feature record: C_FEATURE:0c_static_assert
    Feature record: C_FEATURE:0c_variadic_macros
