The target system is: Darwin - 11.1 - aarch64
The host system is: Darwin - 16.7.0 - x86_64
Compiling the C compiler identification source file "CMakeCCompilerId.c" succeeded.
Compiler: /Applications/Xcode.app/Contents/Developer/Toolchains/XcodeDefault.xctoolchain/usr/bin/clang 
Build flags: 
Id flags:  

The output was:
0


Compilation of the C compiler identification source "CMakeCCompilerId.c" produced "a.out"

The C compiler identification is AppleClang, found in "/Users/cleisonmelo/Desktop/repository/linphone-iphone-master/linphone-iphone/WORK/ios-arm64/Build/mbedtls/CMakeFiles/3.10.0/CompilerIdC/a.out"

Determining if the C compiler works passed with the following output:
Change Dir: /Users/cleisonmelo/Desktop/repository/linphone-iphone-master/linphone-iphone/WORK/ios-arm64/Build/mbedtls/CMakeFiles/CMakeTmp

Run Build Command:"/usr/bin/make" "cmTC_cbb57/fast"
/Applications/Xcode.app/Contents/Developer/usr/bin/make -f CMakeFiles/cmTC_cbb57.dir/build.make CMakeFiles/cmTC_cbb57.dir/build
Building C object CMakeFiles/cmTC_cbb57.dir/testCCompiler.c.o
/Applications/Xcode.app/Contents/Developer/Toolchains/XcodeDefault.xctoolchain/usr/bin/clang --target=arm64-apple-darwin   -arch arm64 -isysroot /Applications/Xcode.app/Contents/Developer/Platforms/iPhoneOS.platform/Developer/SDKs/iPhoneOS11.1.sdk   -o CMakeFiles/cmTC_cbb57.dir/testCCompiler.c.o   -c /Users/cleisonmelo/Desktop/repository/linphone-iphone-master/linphone-iphone/WORK/ios-arm64/Build/mbedtls/CMakeFiles/CMakeTmp/testCCompiler.c
Linking C executable cmTC_cbb57
/usr/local/Cellar/cmake/3.10.0/bin/cmake -E cmake_link_script CMakeFiles/cmTC_cbb57.dir/link.txt --verbose=1
/Applications/Xcode.app/Contents/Developer/Toolchains/XcodeDefault.xctoolchain/usr/bin/clang --target=arm64-apple-darwin   -arch arm64 -isysroot /Applications/Xcode.app/Contents/Developer/Platforms/iPhoneOS.platform/Developer/SDKs/iPhoneOS11.1.sdk -Wl,-search_paths_first -Wl,-headerpad_max_install_names   CMakeFiles/cmTC_cbb57.dir/testCCompiler.c.o  -o cmTC_cbb57 


Detecting C compiler ABI info compiled with the following output:
Change Dir: /Users/cleisonmelo/Desktop/repository/linphone-iphone-master/linphone-iphone/WORK/ios-arm64/Build/mbedtls/CMakeFiles/CMakeTmp

Run Build Command:"/usr/bin/make" "cmTC_0d386/fast"
/Applications/Xcode.app/Contents/Developer/usr/bin/make -f CMakeFiles/cmTC_0d386.dir/build.make CMakeFiles/cmTC_0d386.dir/build
Building C object CMakeFiles/cmTC_0d386.dir/CMakeCCompilerABI.c.o
/Applications/Xcode.app/Contents/Developer/Toolchains/XcodeDefault.xctoolchain/usr/bin/clang --target=arm64-apple-darwin   -arch arm64 -isysroot /Applications/Xcode.app/Contents/Developer/Platforms/iPhoneOS.platform/Developer/SDKs/iPhoneOS11.1.sdk   -o CMakeFiles/cmTC_0d386.dir/CMakeCCompilerABI.c.o   -c /usr/local/Cellar/cmake/3.10.0/share/cmake/Modules/CMakeCCompilerABI.c
Linking C executable cmTC_0d386
/usr/local/Cellar/cmake/3.10.0/bin/cmake -E cmake_link_script CMakeFiles/cmTC_0d386.dir/link.txt --verbose=1
/Applications/Xcode.app/Contents/Developer/Toolchains/XcodeDefault.xctoolchain/usr/bin/clang --target=arm64-apple-darwin   -arch arm64 -isysroot /Applications/Xcode.app/Contents/Developer/Platforms/iPhoneOS.platform/Developer/SDKs/iPhoneOS11.1.sdk -Wl,-search_paths_first -Wl,-headerpad_max_install_names  -v -Wl,-v CMakeFiles/cmTC_0d386.dir/CMakeCCompilerABI.c.o  -o cmTC_0d386 
Apple LLVM version 9.0.0 (clang-900.0.38)
Target: aarch64-apple-darwin
Thread model: posix
InstalledDir: /Applications/Xcode.app/Contents/Developer/Toolchains/XcodeDefault.xctoolchain/usr/bin
 "/Applications/Xcode.app/Contents/Developer/Toolchains/XcodeDefault.xctoolchain/usr/bin/ld" -demangle -lto_library /Applications/Xcode.app/Contents/Developer/Toolchains/XcodeDefault.xctoolchain/usr/lib/libLTO.dylib -dynamic -arch arm64 -iphoneos_version_min 11.1.0 -syslibroot /Applications/Xcode.app/Contents/Developer/Platforms/iPhoneOS.platform/Developer/SDKs/iPhoneOS11.1.sdk -o cmTC_0d386 -search_paths_first -headerpad_max_install_names -v CMakeFiles/cmTC_0d386.dir/CMakeCCompilerABI.c.o -lSystem /Applications/Xcode.app/Contents/Developer/Toolchains/XcodeDefault.xctoolchain/usr/lib/clang/9.0.0/lib/darwin/libclang_rt.ios.a
@(#)PROGRAM:ld  PROJECT:ld64-302.3.1
configured to support archs: armv6 armv7 armv7s arm64 i386 x86_64 x86_64h armv6m armv7k armv7m armv7em (tvOS)
Library search paths:
	/Applications/Xcode.app/Contents/Developer/Platforms/iPhoneOS.platform/Developer/SDKs/iPhoneOS11.1.sdk/usr/lib
Framework search paths:
	/Applications/Xcode.app/Contents/Developer/Platforms/iPhoneOS.platform/Developer/SDKs/iPhoneOS11.1.sdk/System/Library/Frameworks/


Parsed C implicit link information from above output:
  link line regex: [^( *|.*[/\])(ld|CMAKE_LINK_STARTFILE-NOTFOUND|([^/\]+-)?ld|collect2)[^/\]*( |$)]
  ignore line: [Change Dir: /Users/cleisonmelo/Desktop/repository/linphone-iphone-master/linphone-iphone/WORK/ios-arm64/Build/mbedtls/CMakeFiles/CMakeTmp]
  ignore line: []
  ignore line: [Run Build Command:"/usr/bin/make" "cmTC_0d386/fast"]
  ignore line: [/Applications/Xcode.app/Contents/Developer/usr/bin/make -f CMakeFiles/cmTC_0d386.dir/build.make CMakeFiles/cmTC_0d386.dir/build]
  ignore line: [Building C object CMakeFiles/cmTC_0d386.dir/CMakeCCompilerABI.c.o]
  ignore line: [/Applications/Xcode.app/Contents/Developer/Toolchains/XcodeDefault.xctoolchain/usr/bin/clang --target=arm64-apple-darwin   -arch arm64 -isysroot /Applications/Xcode.app/Contents/Developer/Platforms/iPhoneOS.platform/Developer/SDKs/iPhoneOS11.1.sdk   -o CMakeFiles/cmTC_0d386.dir/CMakeCCompilerABI.c.o   -c /usr/local/Cellar/cmake/3.10.0/share/cmake/Modules/CMakeCCompilerABI.c]
  ignore line: [Linking C executable cmTC_0d386]
  ignore line: [/usr/local/Cellar/cmake/3.10.0/bin/cmake -E cmake_link_script CMakeFiles/cmTC_0d386.dir/link.txt --verbose=1]
  ignore line: [/Applications/Xcode.app/Contents/Developer/Toolchains/XcodeDefault.xctoolchain/usr/bin/clang --target=arm64-apple-darwin   -arch arm64 -isysroot /Applications/Xcode.app/Contents/Developer/Platforms/iPhoneOS.platform/Developer/SDKs/iPhoneOS11.1.sdk -Wl,-search_paths_first -Wl,-headerpad_max_install_names  -v -Wl,-v CMakeFiles/cmTC_0d386.dir/CMakeCCompilerABI.c.o  -o cmTC_0d386 ]
  ignore line: [Apple LLVM version 9.0.0 (clang-900.0.38)]
  ignore line: [Target: aarch64-apple-darwin]
  ignore line: [Thread model: posix]
  ignore line: [InstalledDir: /Applications/Xcode.app/Contents/Developer/Toolchains/XcodeDefault.xctoolchain/usr/bin]
  link line: [ "/Applications/Xcode.app/Contents/Developer/Toolchains/XcodeDefault.xctoolchain/usr/bin/ld" -demangle -lto_library /Applications/Xcode.app/Contents/Developer/Toolchains/XcodeDefault.xctoolchain/usr/lib/libLTO.dylib -dynamic -arch arm64 -iphoneos_version_min 11.1.0 -syslibroot /Applications/Xcode.app/Contents/Developer/Platforms/iPhoneOS.platform/Developer/SDKs/iPhoneOS11.1.sdk -o cmTC_0d386 -search_paths_first -headerpad_max_install_names -v CMakeFiles/cmTC_0d386.dir/CMakeCCompilerABI.c.o -lSystem /Applications/Xcode.app/Contents/Developer/Toolchains/XcodeDefault.xctoolchain/usr/lib/clang/9.0.0/lib/darwin/libclang_rt.ios.a]
    arg [/Applications/Xcode.app/Contents/Developer/Toolchains/XcodeDefault.xctoolchain/usr/bin/ld] ==> ignore
    arg [-demangle] ==> ignore
    arg [-lto_library] ==> ignore, skip following value
    arg [/Applications/Xcode.app/Contents/Developer/Toolchains/XcodeDefault.xctoolchain/usr/lib/libLTO.dylib] ==> skip value of -lto_library
    arg [-dynamic] ==> ignore
    arg [-arch] ==> ignore
    arg [arm64] ==> ignore
    arg [-iphoneos_version_min] ==> ignore
    arg [11.1.0] ==> ignore
    arg [-syslibroot] ==> ignore
    arg [/Applications/Xcode.app/Contents/Developer/Platforms/iPhoneOS.platform/Developer/SDKs/iPhoneOS11.1.sdk] ==> ignore
    arg [-o] ==> ignore
    arg [cmTC_0d386] ==> ignore
    arg [-search_paths_first] ==> ignore
    arg [-headerpad_max_install_names] ==> ignore
    arg [-v] ==> ignore
    arg [CMakeFiles/cmTC_0d386.dir/CMakeCCompilerABI.c.o] ==> ignore
    arg [-lSystem] ==> lib [System]
    arg [/Applications/Xcode.app/Contents/Developer/Toolchains/XcodeDefault.xctoolchain/usr/lib/clang/9.0.0/lib/darwin/libclang_rt.ios.a] ==> lib [/Applications/Xcode.app/Contents/Developer/Toolchains/XcodeDefault.xctoolchain/usr/lib/clang/9.0.0/lib/darwin/libclang_rt.ios.a]
  Library search paths: [;/Applications/Xcode.app/Contents/Developer/Platforms/iPhoneOS.platform/Developer/SDKs/iPhoneOS11.1.sdk/usr/lib]
  Framework search paths: [;/Applications/Xcode.app/Contents/Developer/Platforms/iPhoneOS.platform/Developer/SDKs/iPhoneOS11.1.sdk/System/Library/Frameworks/]
  remove lib [System]
  remove lib [/Applications/Xcode.app/Contents/Developer/Toolchains/XcodeDefault.xctoolchain/usr/lib/clang/9.0.0/lib/darwin/libclang_rt.ios.a]
  collapse library dir [/Applications/Xcode.app/Contents/Developer/Platforms/iPhoneOS.platform/Developer/SDKs/iPhoneOS11.1.sdk/usr/lib] ==> [/Applications/Xcode.app/Contents/Developer/Platforms/iPhoneOS.platform/Developer/SDKs/iPhoneOS11.1.sdk/usr/lib]
  collapse framework dir [/Applications/Xcode.app/Contents/Developer/Platforms/iPhoneOS.platform/Developer/SDKs/iPhoneOS11.1.sdk/System/Library/Frameworks/] ==> [/Applications/Xcode.app/Contents/Developer/Platforms/iPhoneOS.platform/Developer/SDKs/iPhoneOS11.1.sdk/System/Library/Frameworks]
  implicit libs: []
  implicit dirs: [/Applications/Xcode.app/Contents/Developer/Platforms/iPhoneOS.platform/Developer/SDKs/iPhoneOS11.1.sdk/usr/lib]
  implicit fwks: [/Applications/Xcode.app/Contents/Developer/Platforms/iPhoneOS.platform/Developer/SDKs/iPhoneOS11.1.sdk/System/Library/Frameworks]




Detecting C [-std=c11] compiler features compiled with the following output:
Change Dir: /Users/cleisonmelo/Desktop/repository/linphone-iphone-master/linphone-iphone/WORK/ios-arm64/Build/mbedtls/CMakeFiles/CMakeTmp

Run Build Command:"/usr/bin/make" "cmTC_15fd2/fast"
/Applications/Xcode.app/Contents/Developer/usr/bin/make -f CMakeFiles/cmTC_15fd2.dir/build.make CMakeFiles/cmTC_15fd2.dir/build
Building C object CMakeFiles/cmTC_15fd2.dir/feature_tests.c.o
/Applications/Xcode.app/Contents/Developer/Toolchains/XcodeDefault.xctoolchain/usr/bin/clang --target=arm64-apple-darwin   -arch arm64 -isysroot /Applications/Xcode.app/Contents/Developer/Platforms/iPhoneOS.platform/Developer/SDKs/iPhoneOS11.1.sdk   -std=c11 -o CMakeFiles/cmTC_15fd2.dir/feature_tests.c.o   -c /Users/cleisonmelo/Desktop/repository/linphone-iphone-master/linphone-iphone/WORK/ios-arm64/Build/mbedtls/CMakeFiles/feature_tests.c
Linking C executable cmTC_15fd2
/usr/local/Cellar/cmake/3.10.0/bin/cmake -E cmake_link_script CMakeFiles/cmTC_15fd2.dir/link.txt --verbose=1
/Applications/Xcode.app/Contents/Developer/Toolchains/XcodeDefault.xctoolchain/usr/bin/clang --target=arm64-apple-darwin   -arch arm64 -isysroot /Applications/Xcode.app/Contents/Developer/Platforms/iPhoneOS.platform/Developer/SDKs/iPhoneOS11.1.sdk -Wl,-search_paths_first -Wl,-headerpad_max_install_names   CMakeFiles/cmTC_15fd2.dir/feature_tests.c.o  -o cmTC_15fd2 


    Feature record: C_FEATURE:1c_function_prototypes
    Feature record: C_FEATURE:1c_restrict
    Feature record: C_FEATURE:1c_static_assert
    Feature record: C_FEATURE:1c_variadic_macros


Detecting C [-std=c99] compiler features compiled with the following output:
Change Dir: /Users/cleisonmelo/Desktop/repository/linphone-iphone-master/linphone-iphone/WORK/ios-arm64/Build/mbedtls/CMakeFiles/CMakeTmp

Run Build Command:"/usr/bin/make" "cmTC_14c1c/fast"
/Applications/Xcode.app/Contents/Developer/usr/bin/make -f CMakeFiles/cmTC_14c1c.dir/build.make CMakeFiles/cmTC_14c1c.dir/build
Building C object CMakeFiles/cmTC_14c1c.dir/feature_tests.c.o
/Applications/Xcode.app/Contents/Developer/Toolchains/XcodeDefault.xctoolchain/usr/bin/clang --target=arm64-apple-darwin   -arch arm64 -isysroot /Applications/Xcode.app/Contents/Developer/Platforms/iPhoneOS.platform/Developer/SDKs/iPhoneOS11.1.sdk   -std=c99 -o CMakeFiles/cmTC_14c1c.dir/feature_tests.c.o   -c /Users/cleisonmelo/Desktop/repository/linphone-iphone-master/linphone-iphone/WORK/ios-arm64/Build/mbedtls/CMakeFiles/feature_tests.c
Linking C executable cmTC_14c1c
/usr/local/Cellar/cmake/3.10.0/bin/cmake -E cmake_link_script CMakeFiles/cmTC_14c1c.dir/link.txt --verbose=1
/Applications/Xcode.app/Contents/Developer/Toolchains/XcodeDefault.xctoolchain/usr/bin/clang --target=arm64-apple-darwin   -arch arm64 -isysroot /Applications/Xcode.app/Contents/Developer/Platforms/iPhoneOS.platform/Developer/SDKs/iPhoneOS11.1.sdk -Wl,-search_paths_first -Wl,-headerpad_max_install_names   CMakeFiles/cmTC_14c1c.dir/feature_tests.c.o  -o cmTC_14c1c 


    Feature record: C_FEATURE:1c_function_prototypes
    Feature record: C_FEATURE:1c_restrict
    Feature record: C_FEATURE:0c_static_assert
    Feature record: C_FEATURE:1c_variadic_macros


Detecting C [-std=c90] compiler features compiled with the following output:
Change Dir: /Users/cleisonmelo/Desktop/repository/linphone-iphone-master/linphone-iphone/WORK/ios-arm64/Build/mbedtls/CMakeFiles/CMakeTmp

Run Build Command:"/usr/bin/make" "cmTC_d0958/fast"
/Applications/Xcode.app/Contents/Developer/usr/bin/make -f CMakeFiles/cmTC_d0958.dir/build.make CMakeFiles/cmTC_d0958.dir/build
Building C object CMakeFiles/cmTC_d0958.dir/feature_tests.c.o
/Applications/Xcode.app/Contents/Developer/Toolchains/XcodeDefault.xctoolchain/usr/bin/clang --target=arm64-apple-darwin   -arch arm64 -isysroot /Applications/Xcode.app/Contents/Developer/Platforms/iPhoneOS.platform/Developer/SDKs/iPhoneOS11.1.sdk   -std=c90 -o CMakeFiles/cmTC_d0958.dir/feature_tests.c.o   -c /Users/cleisonmelo/Desktop/repository/linphone-iphone-master/linphone-iphone/WORK/ios-arm64/Build/mbedtls/CMakeFiles/feature_tests.c
Linking C executable cmTC_d0958
/usr/local/Cellar/cmake/3.10.0/bin/cmake -E cmake_link_script CMakeFiles/cmTC_d0958.dir/link.txt --verbose=1
/Applications/Xcode.app/Contents/Developer/Toolchains/XcodeDefault.xctoolchain/usr/bin/clang --target=arm64-apple-darwin   -arch arm64 -isysroot /Applications/Xcode.app/Contents/Developer/Platforms/iPhoneOS.platform/Developer/SDKs/iPhoneOS11.1.sdk -Wl,-search_paths_first -Wl,-headerpad_max_install_names   CMakeFiles/cmTC_d0958.dir/feature_tests.c.o  -o cmTC_d0958 


    Feature record: C_FEATURE:1c_function_prototypes
    Feature record: C_FEATURE:0c_restrict
    Feature record: C_FEATURE:0c_static_assert
    Feature record: C_FEATURE:0c_variadic_macros
